# JRE version: OpenJDK Runtime Environment AdoptOpenJDK-11.0.11+9 (11.0.11+9) (build 11.0.11+9)
# Java VM: OpenJDK 64-Bit Server VM AdoptOpenJDK-11.0.11+9 (11.0.11+9, mixed mode, tiered, compressed oops, g1 gc, bsd-amd64)
Heap:
 garbage-first heap   total 131072K, used 31683K [0x0000000780000000, 0x0000000800000000)
  region size 1024K, 24 young (24576K), 4 survivors (4096K)
 Metaspace       used 30637K, capacity 32005K, committed 32128K, reserved 1077248K
  class space    used 3902K, capacity 4476K, committed 4480K, reserved 1048576K
GC Heap History (6 events):
Event: 0.784 GC heap before
{Heap before GC invocations=0 (full 0):
 garbage-first heap   total 131072K, used 23552K [0x0000000780000000, 0x0000000800000000)
  region size 1024K, 24 young (24576K), 0 survivors (0K)
 Metaspace       used 13419K, capacity 13862K, committed 14208K, reserved 1062912K
  class space    used 1395K, capacity 1568K, committed 1664K, reserved 1048576K
}
Event: 0.788 GC heap after
{Heap after GC invocations=1 (full 0):
 garbage-first heap   total 131072K, used 3854K [0x0000000780000000, 0x0000000800000000)
  region size 1024K, 3 young (3072K), 3 survivors (3072K)
 Metaspace       used 13419K, capacity 13862K, committed 14208K, reserved 1062912K
  class space    used 1395K, capacity 1568K, committed 1664K, reserved 1048576K
}
Event: 1.233 GC heap before
{Heap before GC invocations=1 (full 0):
 garbage-first heap   total 131072K, used 25358K [0x0000000780000000, 0x0000000800000000)
  region size 1024K, 25 young (25600K), 3 survivors (3072K)
 Metaspace       used 20442K, capacity 21066K, committed 21248K, reserved 1067008K
  class space    used 2408K, capacity 2699K, committed 2816K, reserved 1048576K
}
Event: 1.241 GC heap after
{Heap after GC invocations=2 (full 0):
 garbage-first heap   total 131072K, used 7226K [0x0000000780000000, 0x0000000800000000)
  region size 1024K, 7 young (7168K), 7 survivors (7168K)
 Metaspace       used 20442K, capacity 21066K, committed 21248K, reserved 1067008K
  class space    used 2408K, capacity 2699K, committed 2816K, reserved 1048576K
}
Event: 16.742 GC heap before
{Heap before GC invocations=3 (full 0):
 garbage-first heap   total 131072K, used 43066K [0x0000000780000000, 0x0000000800000000)
  region size 1024K, 38 young (38912K), 7 survivors (7168K)
 Metaspace       used 28096K, capacity 29309K, committed 29568K, reserved 1075200K
  class space    used 3617K, capacity 4141K, committed 4224K, reserved 1048576K
}
Event: 16.750 GC heap after
{Heap after GC invocations=4 (full 0):
 garbage-first heap   total 131072K, used 12227K [0x0000000780000000, 0x0000000800000000)
  region size 1024K, 4 young (4096K), 4 survivors (4096K)
 Metaspace       used 28096K, capacity 29309K, committed 29568K, reserved 1075200K
  class space    used 3617K, capacity 4141K, committed 4224K, reserved 1048576K
}

