# JRE version: OpenJDK Runtime Environment AdoptOpenJDK-11.0.11+9 (11.0.11+9) (build 11.0.11+9)
# Java VM: OpenJDK 64-Bit Server VM AdoptOpenJDK-11.0.11+9 (11.0.11+9, mixed mode, tiered, compressed oops, g1 gc, bsd-amd64)
Heap:
 garbage-first heap   total 131072K, used 54764K [0x0000000780000000, 0x0000000800000000)
  region size 1024K, 30 young (30720K), 3 survivors (3072K)
 Metaspace       used 30378K, capacity 31620K, committed 31740K, reserved 1077248K
  class space    used 3856K, capacity 4397K, committed 4428K, reserved 1048576K
GC Heap History (6 events):
Event: 0.892 GC heap before
{Heap before GC invocations=0 (full 0):
 garbage-first heap   total 131072K, used 23552K [0x0000000780000000, 0x0000000800000000)
  region size 1024K, 24 young (24576K), 0 survivors (0K)
 Metaspace       used 13167K, capacity 13631K, committed 13824K, reserved 1060864K
  class space    used 1363K, capacity 1535K, committed 1536K, reserved 1048576K
}
Event: 0.895 GC heap after
{Heap after GC invocations=1 (full 0):
 garbage-first heap   total 131072K, used 3901K [0x0000000780000000, 0x0000000800000000)
  region size 1024K, 3 young (3072K), 3 survivors (3072K)
 Metaspace       used 13167K, capacity 13631K, committed 13824K, reserved 1060864K
  class space    used 1363K, capacity 1535K, committed 1536K, reserved 1048576K
}
Event: 1.493 GC heap before
{Heap before GC invocations=1 (full 0):
 garbage-first heap   total 131072K, used 28477K [0x0000000780000000, 0x0000000800000000)
  region size 1024K, 26 young (26624K), 3 survivors (3072K)
 Metaspace       used 20630K, capacity 21191K, committed 21296K, reserved 1069056K
  class space    used 2435K, capacity 2688K, committed 2688K, reserved 1048576K
}
Event: 1.536 GC heap after
{Heap after GC invocations=2 (full 0):
 garbage-first heap   total 131072K, used 9262K [0x0000000780000000, 0x0000000800000000)
  region size 1024K, 7 young (7168K), 7 survivors (7168K)
 Metaspace       used 20630K, capacity 21191K, committed 21296K, reserved 1069056K
  class space    used 2435K, capacity 2688K, committed 2688K, reserved 1048576K
}
Event: 12.408 GC heap before
{Heap before GC invocations=3 (full 0):
 garbage-first heap   total 131072K, used 50222K [0x0000000780000000, 0x0000000800000000)
  region size 1024K, 33 young (33792K), 7 survivors (7168K)
 Metaspace       used 27324K, capacity 28325K, committed 28540K, reserved 1073152K
  class space    used 3473K, capacity 3924K, committed 4044K, reserved 1048576K
}
Event: 12.416 GC heap after
{Heap after GC invocations=4 (full 0):
 garbage-first heap   total 131072K, used 26092K [0x0000000780000000, 0x0000000800000000)
  region size 1024K, 3 young (3072K), 3 survivors (3072K)
 Metaspace       used 27324K, capacity 28325K, committed 28540K, reserved 1073152K
  class space    used 3473K, capacity 3924K, committed 4044K, reserved 1048576K
}

